{
  "stats": {
    "suites": 1,
    "tests": 12,
    "passes": 12,
    "pending": 0,
    "failures": 0,
    "start": "2019-11-22T13:11:10.365Z",
    "end": "2019-11-22T13:11:10.382Z",
    "duration": 17,
    "testsRegistered": 12,
    "passPercent": 100,
    "pendingPercent": 0,
    "other": 0,
    "hasOther": false,
    "skipped": 0,
    "hasSkipped": false
  },
  "results": [
    {
      "uuid": "7eccd726-88d9-464c-bd6a-f5b05d44509f",
      "title": "",
      "fullFile": "",
      "file": "",
      "beforeHooks": [],
      "afterHooks": [],
      "tests": [],
      "suites": [
        {
          "uuid": "b3253f9f-f2ad-48b6-bbb5-374c8f733fea",
          "title": "Mapping Test",
          "fullFile": "D:\\v1\\TeamCity\\buildAgent\\work\\423b534a26db89a4\\ProxyBundleTest\\TestScripts\\Unit\\test\\test.js",
          "file": "D:\\v1\\TeamCity\\buildAgent\\work\\423b534a26db89a4\\ProxyBundleTest\\TestScripts\\Unit\\test\\test.js",
          "beforeHooks": [],
          "afterHooks": [],
          "tests": [
            {
              "title": "Checking userID.merchantUserID",
              "fullTitle": "Mapping Test Checking userID.merchantUserID",
              "timedOut": false,
              "duration": 4,
              "state": "passed",
              "speed": "fast",
              "pass": true,
              "fail": false,
              "pending": false,
              "context": null,
              "code": "expect(input.userID.merchantUserID).to.equal(a[\"parameters\"][\"ns2:createUser\"][\"ns2:merchantUserIdentity\"]);\ndone();",
              "err": {},
              "uuid": "f1d45f97-3c19-4553-84c7-e274c8a6f214",
              "parentUUID": "b3253f9f-f2ad-48b6-bbb5-374c8f733fea",
              "isHook": false,
              "skipped": false
            },
            {
              "title": "Checking accountCurrency",
              "fullTitle": "Mapping Test Checking accountCurrency",
              "timedOut": false,
              "duration": 0,
              "state": "passed",
              "speed": "fast",
              "pass": true,
              "fail": false,
              "pending": false,
              "context": null,
              "code": "expect(input.accountCurrency).to.equal(a[\"parameters\"][\"ns2:createUser\"][\"ns2:accountCurrency\"]);\ndone();",
              "err": {},
              "uuid": "72dd4526-e8a7-456f-9808-f5bf76a3dc48",
              "parentUUID": "b3253f9f-f2ad-48b6-bbb5-374c8f733fea",
              "isHook": false,
              "skipped": false
            },
            {
              "title": "Checking payerIdentity.individualIdentity.name.familyName",
              "fullTitle": "Mapping Test Checking payerIdentity.individualIdentity.name.familyName",
              "timedOut": false,
              "duration": 0,
              "state": "passed",
              "speed": "fast",
              "pass": true,
              "fail": false,
              "pending": false,
              "context": null,
              "code": "expect(input.payerIdentity.individualIdentity.name.familyName).to.equal(a[\"parameters\"][\"ns2:createUser\"][\"ns2:payerIdentity\"][\"ns3:payerIndividualIdentity\"][\"ns3:name\"][\"ns3:familyName\"]);\ndone();",
              "err": {},
              "uuid": "9a63c4c1-6b09-4714-8ef0-32a378f3edee",
              "parentUUID": "b3253f9f-f2ad-48b6-bbb5-374c8f733fea",
              "isHook": false,
              "skipped": false
            },
            {
              "title": "Checking payerIdentity.individualIdentity.name.givenNames",
              "fullTitle": "Mapping Test Checking payerIdentity.individualIdentity.name.givenNames",
              "timedOut": false,
              "duration": 0,
              "state": "passed",
              "speed": "fast",
              "pass": true,
              "fail": false,
              "pending": false,
              "context": null,
              "code": "expect(input.payerIdentity.individualIdentity.name.givenNames).to.equal(a[\"parameters\"][\"ns2:createUser\"][\"ns2:payerIdentity\"][\"ns3:payerIndividualIdentity\"][\"ns3:name\"][\"ns3:givenNames\"]);\ndone();",
              "err": {},
              "uuid": "1c9136b3-76e2-4c98-8138-8cc0f3871313",
              "parentUUID": "b3253f9f-f2ad-48b6-bbb5-374c8f733fea",
              "isHook": false,
              "skipped": false
            },
            {
              "title": "Checking payerIdentity.individualIdentity.address.addressLine1",
              "fullTitle": "Mapping Test Checking payerIdentity.individualIdentity.address.addressLine1",
              "timedOut": false,
              "duration": 0,
              "state": "passed",
              "speed": "fast",
              "pass": true,
              "fail": false,
              "pending": false,
              "context": null,
              "code": "expect(input.payerIdentity.individualIdentity.address.addressLine1).to.equal(a[\"parameters\"][\"ns2:createUser\"][\"ns2:payerIdentity\"][\"ns3:payerIndividualIdentity\"][\"ns3:address\"][\"ns3:addressLine1\"]);\ndone();",
              "err": {},
              "uuid": "91cde7a6-9efe-43fa-bb22-dc3e959b5940",
              "parentUUID": "b3253f9f-f2ad-48b6-bbb5-374c8f733fea",
              "isHook": false,
              "skipped": false
            },
            {
              "title": "Checking payerIdentity.individualIdentity.address.city",
              "fullTitle": "Mapping Test Checking payerIdentity.individualIdentity.address.city",
              "timedOut": false,
              "duration": 0,
              "state": "passed",
              "speed": "fast",
              "pass": true,
              "fail": false,
              "pending": false,
              "context": null,
              "code": "expect(input.payerIdentity.individualIdentity.address.city).to.equal(a[\"parameters\"][\"ns2:createUser\"][\"ns2:payerIdentity\"][\"ns3:payerIndividualIdentity\"][\"ns3:address\"][\"ns3:city\"]);\ndone();",
              "err": {},
              "uuid": "7bb706ed-1547-48f8-8ad6-ca849c7c6ced",
              "parentUUID": "b3253f9f-f2ad-48b6-bbb5-374c8f733fea",
              "isHook": false,
              "skipped": false
            },
            {
              "title": "Checking payerIdentity.individualIdentity.address.country",
              "fullTitle": "Mapping Test Checking payerIdentity.individualIdentity.address.country",
              "timedOut": false,
              "duration": 0,
              "state": "passed",
              "speed": "fast",
              "pass": true,
              "fail": false,
              "pending": false,
              "context": null,
              "code": "expect(input.payerIdentity.individualIdentity.address.country).to.equal(a[\"parameters\"][\"ns2:createUser\"][\"ns2:payerIdentity\"][\"ns3:payerIndividualIdentity\"][\"ns3:address\"][\"ns3:country\"]);\ndone();",
              "err": {},
              "uuid": "1163fb56-4606-4779-876d-43e58778700f",
              "parentUUID": "b3253f9f-f2ad-48b6-bbb5-374c8f733fea",
              "isHook": false,
              "skipped": false
            },
            {
              "title": "Checking payerIdentity.individualIdentity.address.postcode",
              "fullTitle": "Mapping Test Checking payerIdentity.individualIdentity.address.postcode",
              "timedOut": false,
              "duration": 1,
              "state": "passed",
              "speed": "fast",
              "pass": true,
              "fail": false,
              "pending": false,
              "context": null,
              "code": "expect(input.payerIdentity.individualIdentity.address.postcode).to.equal(a[\"parameters\"][\"ns2:createUser\"][\"ns2:payerIdentity\"][\"ns3:payerIndividualIdentity\"][\"ns3:address\"][\"ns3:postcode\"]);\ndone();",
              "err": {},
              "uuid": "e73af4c7-46ba-48e8-bc2a-97d8fe9a42a9",
              "parentUUID": "b3253f9f-f2ad-48b6-bbb5-374c8f733fea",
              "isHook": false,
              "skipped": false
            },
            {
              "title": "Checking payerIdentity.individualIdentity.address.province",
              "fullTitle": "Mapping Test Checking payerIdentity.individualIdentity.address.province",
              "timedOut": false,
              "duration": 0,
              "state": "passed",
              "speed": "fast",
              "pass": true,
              "fail": false,
              "pending": false,
              "context": null,
              "code": "expect(input.payerIdentity.individualIdentity.address.province).to.equal(a[\"parameters\"][\"ns2:createUser\"][\"ns2:payerIdentity\"][\"ns3:payerIndividualIdentity\"][\"ns3:address\"][\"ns3:province\"]);\ndone();",
              "err": {},
              "uuid": "beac36f8-32cf-4d1d-97a4-2fd6e8c09a53",
              "parentUUID": "b3253f9f-f2ad-48b6-bbb5-374c8f733fea",
              "isHook": false,
              "skipped": false
            },
            {
              "title": "Checking payerIdentity.individualIdentity.birthInformation.cityOfBirth",
              "fullTitle": "Mapping Test Checking payerIdentity.individualIdentity.birthInformation.cityOfBirth",
              "timedOut": false,
              "duration": 0,
              "state": "passed",
              "speed": "fast",
              "pass": true,
              "fail": false,
              "pending": false,
              "context": null,
              "code": "expect(input.payerIdentity.individualIdentity.birthInformation.cityOfBirth).to.equal(a[\"parameters\"][\"ns2:createUser\"][\"ns2:payerIdentity\"][\"ns3:payerIndividualIdentity\"][\"ns3:birthInformation\"][\"ns3:cityOfBirth\"]);\ndone();",
              "err": {},
              "uuid": "7ae49752-26ea-49e5-a447-dab2eeb1c2b9",
              "parentUUID": "b3253f9f-f2ad-48b6-bbb5-374c8f733fea",
              "isHook": false,
              "skipped": false
            },
            {
              "title": "Checking payerIdentity.individualIdentity.birthInformation.countryOfBirth",
              "fullTitle": "Mapping Test Checking payerIdentity.individualIdentity.birthInformation.countryOfBirth",
              "timedOut": false,
              "duration": 0,
              "state": "passed",
              "speed": "fast",
              "pass": true,
              "fail": false,
              "pending": false,
              "context": null,
              "code": "expect(input.payerIdentity.individualIdentity.birthInformation.countryOfBirth).to.equal(a[\"parameters\"][\"ns2:createUser\"][\"ns2:payerIdentity\"][\"ns3:payerIndividualIdentity\"][\"ns3:birthInformation\"][\"ns3:countryOfBirth\"]);\ndone();",
              "err": {},
              "uuid": "eec6f36b-8fbd-4c53-a23f-8843b872d2e0",
              "parentUUID": "b3253f9f-f2ad-48b6-bbb5-374c8f733fea",
              "isHook": false,
              "skipped": false
            },
            {
              "title": "Checking payerIdentity.individualIdentity.birthInformation.dateOfBirth",
              "fullTitle": "Mapping Test Checking payerIdentity.individualIdentity.birthInformation.dateOfBirth",
              "timedOut": false,
              "duration": 0,
              "state": "passed",
              "speed": "fast",
              "pass": true,
              "fail": false,
              "pending": false,
              "context": null,
              "code": "expect(input.payerIdentity.individualIdentity.birthInformation.dateOfBirth).to.equal(a[\"parameters\"][\"ns2:createUser\"][\"ns2:payerIdentity\"][\"ns3:payerIndividualIdentity\"][\"ns3:birthInformation\"][\"ns3:dateOfBirth\"]);\ndone();",
              "err": {},
              "uuid": "2d8743dd-5f0b-43da-9526-52376dd221f5",
              "parentUUID": "b3253f9f-f2ad-48b6-bbb5-374c8f733fea",
              "isHook": false,
              "skipped": false
            }
          ],
          "suites": [],
          "passes": [
            "f1d45f97-3c19-4553-84c7-e274c8a6f214",
            "72dd4526-e8a7-456f-9808-f5bf76a3dc48",
            "9a63c4c1-6b09-4714-8ef0-32a378f3edee",
            "1c9136b3-76e2-4c98-8138-8cc0f3871313",
            "91cde7a6-9efe-43fa-bb22-dc3e959b5940",
            "7bb706ed-1547-48f8-8ad6-ca849c7c6ced",
            "1163fb56-4606-4779-876d-43e58778700f",
            "e73af4c7-46ba-48e8-bc2a-97d8fe9a42a9",
            "beac36f8-32cf-4d1d-97a4-2fd6e8c09a53",
            "7ae49752-26ea-49e5-a447-dab2eeb1c2b9",
            "eec6f36b-8fbd-4c53-a23f-8843b872d2e0",
            "2d8743dd-5f0b-43da-9526-52376dd221f5"
          ],
          "failures": [],
          "pending": [],
          "skipped": [],
          "duration": 5,
          "root": false,
          "rootEmpty": false,
          "_timeout": 2000
        }
      ],
      "passes": [],
      "failures": [],
      "pending": [],
      "skipped": [],
      "duration": 0,
      "root": true,
      "rootEmpty": true,
      "_timeout": 2000
    }
  ],
  "meta": {
    "mocha": {
      "version": "6.2.2"
    },
    "mochawesome": {
      "options": {
        "quiet": false,
        "reportFilename": "mochawesome",
        "saveHtml": true,
        "saveJson": true,
        "consoleReporter": "spec",
        "useInlineDiffs": false
      },
      "version": "4.1.0"
    },
    "marge": {
      "options": null,
      "version": "4.0.1"
    }
  }
}