{
  "stats": {
    "suites": 1,
    "tests": 12,
    "passes": 12,
    "pending": 0,
    "failures": 0,
    "start": "2019-11-22T09:21:29.760Z",
    "end": "2019-11-22T09:21:29.801Z",
    "duration": 41,
    "testsRegistered": 12,
    "passPercent": 100,
    "pendingPercent": 0,
    "other": 0,
    "hasOther": false,
    "skipped": 0,
    "hasSkipped": false
  },
  "results": [
    {
      "uuid": "4e453870-e629-42af-a483-439d051376c1",
      "title": "",
      "fullFile": "",
      "file": "",
      "beforeHooks": [],
      "afterHooks": [],
      "tests": [],
      "suites": [
        {
          "uuid": "fc6ea532-18bf-4294-9712-2066586c964e",
          "title": "Mapping Test",
          "fullFile": "D:\\v1\\TeamCity\\buildAgent\\work\\423b534a26db89a4\\ProxyBundleTest\\TestScripts\\Unit\\test\\test.js",
          "file": "D:\\v1\\TeamCity\\buildAgent\\work\\423b534a26db89a4\\ProxyBundleTest\\TestScripts\\Unit\\test\\test.js",
          "beforeHooks": [],
          "afterHooks": [],
          "tests": [
            {
              "title": "Checking userID.merchantUserID",
              "fullTitle": "Mapping Test Checking userID.merchantUserID",
              "timedOut": false,
              "duration": 5,
              "state": "passed",
              "speed": "fast",
              "pass": true,
              "fail": false,
              "pending": false,
              "context": null,
              "code": "expect(input.userID.merchantUserID).to.equal(a[\"parameters\"][\"ns2:createUser\"][\"ns2:merchantUserIdentity\"]);\ndone();",
              "err": {},
              "uuid": "af2090e6-1a3c-48f7-bef4-19a0b9a69b3a",
              "parentUUID": "fc6ea532-18bf-4294-9712-2066586c964e",
              "isHook": false,
              "skipped": false
            },
            {
              "title": "Checking accountCurrency",
              "fullTitle": "Mapping Test Checking accountCurrency",
              "timedOut": false,
              "duration": 1,
              "state": "passed",
              "speed": "fast",
              "pass": true,
              "fail": false,
              "pending": false,
              "context": null,
              "code": "expect(input.accountCurrency).to.equal(a[\"parameters\"][\"ns2:createUser\"][\"ns2:accountCurrency\"]);\ndone();",
              "err": {},
              "uuid": "f7473888-a02f-4eba-b1ed-5fa8aaf2a218",
              "parentUUID": "fc6ea532-18bf-4294-9712-2066586c964e",
              "isHook": false,
              "skipped": false
            },
            {
              "title": "Checking payerIdentity.individualIdentity.name.familyName",
              "fullTitle": "Mapping Test Checking payerIdentity.individualIdentity.name.familyName",
              "timedOut": false,
              "duration": 1,
              "state": "passed",
              "speed": "fast",
              "pass": true,
              "fail": false,
              "pending": false,
              "context": null,
              "code": "expect(input.payerIdentity.individualIdentity.name.familyName).to.equal(a[\"parameters\"][\"ns2:createUser\"][\"ns2:payerIdentity\"][\"ns3:payerIndividualIdentity\"][\"ns3:name\"][\"ns3:familyName\"]);\ndone();",
              "err": {},
              "uuid": "9595a8b7-e5a2-49e8-988c-e86b4615385a",
              "parentUUID": "fc6ea532-18bf-4294-9712-2066586c964e",
              "isHook": false,
              "skipped": false
            },
            {
              "title": "Checking payerIdentity.individualIdentity.name.givenNames",
              "fullTitle": "Mapping Test Checking payerIdentity.individualIdentity.name.givenNames",
              "timedOut": false,
              "duration": 0,
              "state": "passed",
              "speed": "fast",
              "pass": true,
              "fail": false,
              "pending": false,
              "context": null,
              "code": "expect(input.payerIdentity.individualIdentity.name.givenNames).to.equal(a[\"parameters\"][\"ns2:createUser\"][\"ns2:payerIdentity\"][\"ns3:payerIndividualIdentity\"][\"ns3:name\"][\"ns3:givenNames\"]);\ndone();",
              "err": {},
              "uuid": "9faa826f-0746-4db2-8daa-ac37182c8cbd",
              "parentUUID": "fc6ea532-18bf-4294-9712-2066586c964e",
              "isHook": false,
              "skipped": false
            },
            {
              "title": "Checking payerIdentity.individualIdentity.address.addressLine1",
              "fullTitle": "Mapping Test Checking payerIdentity.individualIdentity.address.addressLine1",
              "timedOut": false,
              "duration": 1,
              "state": "passed",
              "speed": "fast",
              "pass": true,
              "fail": false,
              "pending": false,
              "context": null,
              "code": "expect(input.payerIdentity.individualIdentity.address.addressLine1).to.equal(a[\"parameters\"][\"ns2:createUser\"][\"ns2:payerIdentity\"][\"ns3:payerIndividualIdentity\"][\"ns3:address\"][\"ns3:addressLine1\"]);\ndone();",
              "err": {},
              "uuid": "5ce1a657-5024-419b-b901-4759f937f27d",
              "parentUUID": "fc6ea532-18bf-4294-9712-2066586c964e",
              "isHook": false,
              "skipped": false
            },
            {
              "title": "Checking payerIdentity.individualIdentity.address.city",
              "fullTitle": "Mapping Test Checking payerIdentity.individualIdentity.address.city",
              "timedOut": false,
              "duration": 0,
              "state": "passed",
              "speed": "fast",
              "pass": true,
              "fail": false,
              "pending": false,
              "context": null,
              "code": "expect(input.payerIdentity.individualIdentity.address.city).to.equal(a[\"parameters\"][\"ns2:createUser\"][\"ns2:payerIdentity\"][\"ns3:payerIndividualIdentity\"][\"ns3:address\"][\"ns3:city\"]);\ndone();",
              "err": {},
              "uuid": "bafe89e2-f5da-4539-a17e-0357b34f2d79",
              "parentUUID": "fc6ea532-18bf-4294-9712-2066586c964e",
              "isHook": false,
              "skipped": false
            },
            {
              "title": "Checking payerIdentity.individualIdentity.address.country",
              "fullTitle": "Mapping Test Checking payerIdentity.individualIdentity.address.country",
              "timedOut": false,
              "duration": 0,
              "state": "passed",
              "speed": "fast",
              "pass": true,
              "fail": false,
              "pending": false,
              "context": null,
              "code": "expect(input.payerIdentity.individualIdentity.address.country).to.equal(a[\"parameters\"][\"ns2:createUser\"][\"ns2:payerIdentity\"][\"ns3:payerIndividualIdentity\"][\"ns3:address\"][\"ns3:country\"]);\ndone();",
              "err": {},
              "uuid": "99fe08ae-e677-4008-a94a-6331dc297a9d",
              "parentUUID": "fc6ea532-18bf-4294-9712-2066586c964e",
              "isHook": false,
              "skipped": false
            },
            {
              "title": "Checking payerIdentity.individualIdentity.address.postcode",
              "fullTitle": "Mapping Test Checking payerIdentity.individualIdentity.address.postcode",
              "timedOut": false,
              "duration": 0,
              "state": "passed",
              "speed": "fast",
              "pass": true,
              "fail": false,
              "pending": false,
              "context": null,
              "code": "expect(input.payerIdentity.individualIdentity.address.postcode).to.equal(a[\"parameters\"][\"ns2:createUser\"][\"ns2:payerIdentity\"][\"ns3:payerIndividualIdentity\"][\"ns3:address\"][\"ns3:postcode\"]);\ndone();",
              "err": {},
              "uuid": "e6c90766-38fb-460a-8924-461ab3a4962c",
              "parentUUID": "fc6ea532-18bf-4294-9712-2066586c964e",
              "isHook": false,
              "skipped": false
            },
            {
              "title": "Checking payerIdentity.individualIdentity.address.province",
              "fullTitle": "Mapping Test Checking payerIdentity.individualIdentity.address.province",
              "timedOut": false,
              "duration": 0,
              "state": "passed",
              "speed": "fast",
              "pass": true,
              "fail": false,
              "pending": false,
              "context": null,
              "code": "expect(input.payerIdentity.individualIdentity.address.province).to.equal(a[\"parameters\"][\"ns2:createUser\"][\"ns2:payerIdentity\"][\"ns3:payerIndividualIdentity\"][\"ns3:address\"][\"ns3:province\"]);\ndone();",
              "err": {},
              "uuid": "be221ed2-f1cb-42ab-b986-8acd092b036d",
              "parentUUID": "fc6ea532-18bf-4294-9712-2066586c964e",
              "isHook": false,
              "skipped": false
            },
            {
              "title": "Checking payerIdentity.individualIdentity.birthInformation.cityOfBirth",
              "fullTitle": "Mapping Test Checking payerIdentity.individualIdentity.birthInformation.cityOfBirth",
              "timedOut": false,
              "duration": 0,
              "state": "passed",
              "speed": "fast",
              "pass": true,
              "fail": false,
              "pending": false,
              "context": null,
              "code": "expect(input.payerIdentity.individualIdentity.birthInformation.cityOfBirth).to.equal(a[\"parameters\"][\"ns2:createUser\"][\"ns2:payerIdentity\"][\"ns3:payerIndividualIdentity\"][\"ns3:birthInformation\"][\"ns3:cityOfBirth\"]);\ndone();",
              "err": {},
              "uuid": "808d69a9-e0fa-4a2f-8e33-2159277c4fa7",
              "parentUUID": "fc6ea532-18bf-4294-9712-2066586c964e",
              "isHook": false,
              "skipped": false
            },
            {
              "title": "Checking payerIdentity.individualIdentity.birthInformation.countryOfBirth",
              "fullTitle": "Mapping Test Checking payerIdentity.individualIdentity.birthInformation.countryOfBirth",
              "timedOut": false,
              "duration": 0,
              "state": "passed",
              "speed": "fast",
              "pass": true,
              "fail": false,
              "pending": false,
              "context": null,
              "code": "expect(input.payerIdentity.individualIdentity.birthInformation.countryOfBirth).to.equal(a[\"parameters\"][\"ns2:createUser\"][\"ns2:payerIdentity\"][\"ns3:payerIndividualIdentity\"][\"ns3:birthInformation\"][\"ns3:countryOfBirth\"]);\ndone();",
              "err": {},
              "uuid": "b0a9307b-6458-4849-9035-92dd8368b03a",
              "parentUUID": "fc6ea532-18bf-4294-9712-2066586c964e",
              "isHook": false,
              "skipped": false
            },
            {
              "title": "Checking payerIdentity.individualIdentity.birthInformation.dateOfBirth",
              "fullTitle": "Mapping Test Checking payerIdentity.individualIdentity.birthInformation.dateOfBirth",
              "timedOut": false,
              "duration": 0,
              "state": "passed",
              "speed": "fast",
              "pass": true,
              "fail": false,
              "pending": false,
              "context": null,
              "code": "expect(input.payerIdentity.individualIdentity.birthInformation.dateOfBirth).to.equal(a[\"parameters\"][\"ns2:createUser\"][\"ns2:payerIdentity\"][\"ns3:payerIndividualIdentity\"][\"ns3:birthInformation\"][\"ns3:dateOfBirth\"]);\ndone();",
              "err": {},
              "uuid": "86702550-6c59-437d-b17b-083da18d295a",
              "parentUUID": "fc6ea532-18bf-4294-9712-2066586c964e",
              "isHook": false,
              "skipped": false
            }
          ],
          "suites": [],
          "passes": [
            "af2090e6-1a3c-48f7-bef4-19a0b9a69b3a",
            "f7473888-a02f-4eba-b1ed-5fa8aaf2a218",
            "9595a8b7-e5a2-49e8-988c-e86b4615385a",
            "9faa826f-0746-4db2-8daa-ac37182c8cbd",
            "5ce1a657-5024-419b-b901-4759f937f27d",
            "bafe89e2-f5da-4539-a17e-0357b34f2d79",
            "99fe08ae-e677-4008-a94a-6331dc297a9d",
            "e6c90766-38fb-460a-8924-461ab3a4962c",
            "be221ed2-f1cb-42ab-b986-8acd092b036d",
            "808d69a9-e0fa-4a2f-8e33-2159277c4fa7",
            "b0a9307b-6458-4849-9035-92dd8368b03a",
            "86702550-6c59-437d-b17b-083da18d295a"
          ],
          "failures": [],
          "pending": [],
          "skipped": [],
          "duration": 8,
          "root": false,
          "rootEmpty": false,
          "_timeout": 2000
        }
      ],
      "passes": [],
      "failures": [],
      "pending": [],
      "skipped": [],
      "duration": 0,
      "root": true,
      "rootEmpty": true,
      "_timeout": 2000
    }
  ],
  "meta": {
    "mocha": {
      "version": "6.2.2"
    },
    "mochawesome": {
      "options": {
        "quiet": false,
        "reportFilename": "mochawesome",
        "saveHtml": true,
        "saveJson": true,
        "consoleReporter": "spec",
        "useInlineDiffs": false
      },
      "version": "4.1.0"
    },
    "marge": {
      "options": null,
      "version": "4.0.1"
    }
  }
}